Log file open, 07/11/20 18:14:08
LogWindows: Failed to load 'aqProf.dll' (GetLastError=126)
LogWindows: File 'aqProf.dll' does not exist
LogWindows: Failed to load 'VtuneApi.dll' (GetLastError=126)
LogWindows: File 'VtuneApi.dll' does not exist
LogWindows: Failed to load 'VtuneApi32e.dll' (GetLastError=126)
LogWindows: File 'VtuneApi32e.dll' does not exist
LogConsoleResponse: Display: Failed to find resolution value strings in scalability ini. Falling back to default.
LogInit: Display: Running engine for game: FireManThing
LogPlatformFile: Not using cached read wrapper
LogTaskGraph: Started task graph with 5 named threads and 14 total threads with 3 sets of task threads.
LogStats: Stats thread started at 0.097208
LogD3D11RHI: Loaded GFSDK_Aftermath_Lib.x64.dll
LogICUInternationalization: ICU TimeZone Detection - Raw Offset: +0:00, Platform Override: ''
LogPluginManager: Mounting plugin Paper2D
LogPluginManager: Mounting plugin AISupport
LogPluginManager: Mounting plugin LightPropagationVolume
LogPluginManager: Mounting plugin ActorLayerUtilities
LogPluginManager: Mounting plugin AnimationSharing
LogPluginManager: Mounting plugin CLionSourceCodeAccess
LogPluginManager: Mounting plugin CodeLiteSourceCodeAccess
LogPluginManager: Mounting plugin GitSourceControl
LogPluginManager: Mounting plugin KDevelopSourceCodeAccess
LogPluginManager: Mounting plugin NullSourceCodeAccess
LogPluginManager: Mounting plugin PerforceSourceControl
LogPluginManager: Mounting plugin SubversionSourceControl
LogPluginManager: Mounting plugin UObjectPlugin
LogPluginManager: Mounting plugin VisualStudioCodeSourceCodeAccess
LogPluginManager: Mounting plugin VisualStudioSourceCodeAccess
LogPluginManager: Mounting plugin XCodeSourceCodeAccess
LogPluginManager: Mounting plugin AssetManagerEditor
LogPluginManager: Mounting plugin CryptoKeys
LogPluginManager: Mounting plugin CurveEditorTools
LogPluginManager: Mounting plugin DataValidation
LogPluginManager: Mounting plugin FacialAnimation
LogPluginManager: Mounting plugin GameplayTagsEditor
LogPluginManager: Mounting plugin MacGraphicsSwitching
LogPluginManager: Mounting plugin MaterialAnalyzer
LogPluginManager: Mounting plugin MobileLauncherProfileWizard
LogPluginManager: Mounting plugin PluginBrowser
LogPluginManager: Mounting plugin SpeedTreeImporter
LogPluginManager: Mounting plugin DatasmithContent
LogPluginManager: Mounting plugin VariantManagerContent
LogPluginManager: Mounting plugin AlembicImporter
LogPluginManager: Mounting plugin AutomationUtils
LogPluginManager: Mounting plugin BackChannel
LogPluginManager: Mounting plugin CharacterAI
LogPluginManager: Mounting plugin GeometryCache
LogPluginManager: Mounting plugin HTML5Networking
LogPluginManager: Mounting plugin PlatformCrypto
LogPluginManager: Mounting plugin ProxyLODPlugin
LogPluginManager: Mounting plugin SkeletalReduction
LogPluginManager: Mounting plugin MagicLeap
LogPluginManager: Mounting plugin MagicLeapMedia
LogPluginManager: Mounting plugin AndroidMedia
LogPluginManager: Mounting plugin AvfMedia
LogPluginManager: Mounting plugin ImgMedia
LogPluginManager: Mounting plugin MediaCompositing
LogPluginManager: Mounting plugin MediaPlayerEditor
LogPluginManager: Mounting plugin WebMMedia
LogPluginManager: Mounting plugin WmfMedia
LogPluginManager: Mounting plugin TcpMessaging
LogPluginManager: Mounting plugin UdpMessaging
LogPluginManager: Mounting plugin ActorSequence
LogPluginManager: Mounting plugin LevelSequenceEditor
LogPluginManager: Mounting plugin MatineeToLevelSequence
LogPluginManager: Mounting plugin NetcodeUnitTest
LogPluginManager: Mounting plugin NUTUnrealEngine4
LogPluginManager: Mounting plugin OnlineSubsystemGooglePlay
LogPluginManager: Mounting plugin OnlineSubsystemIOS
LogPluginManager: Mounting plugin OnlineSubsystem
LogPluginManager: Mounting plugin OnlineSubsystemNull
LogPluginManager: Mounting plugin OnlineSubsystemUtils
LogPluginManager: Mounting plugin LauncherChunkInstaller
LogPluginManager: Mounting plugin AndroidDeviceProfileSelector
LogPluginManager: Mounting plugin AndroidMoviePlayer
LogPluginManager: Mounting plugin AndroidPermission
LogPluginManager: Mounting plugin AppleImageUtils
LogPluginManager: Mounting plugin AppleMoviePlayer
LogPluginManager: Mounting plugin ArchVisCharacter
LogPluginManager: Mounting plugin AudioCapture
LogPluginManager: Mounting plugin CableComponent
LogPluginManager: Mounting plugin CustomMeshComponent
LogPluginManager: Mounting plugin EditableMesh
LogPluginManager: Mounting plugin ExampleDeviceProfileSelector
LogPluginManager: Mounting plugin GoogleCloudMessaging
LogPluginManager: Mounting plugin IOSDeviceProfileSelector
LogPluginManager: Mounting plugin LinuxDeviceProfileSelector
LogPluginManager: Mounting plugin LocationServicesBPLibrary
LogPluginManager: Mounting plugin MobilePatchingUtils
LogPluginManager: Mounting plugin OculusVR
LogPluginManager: Mounting plugin PhysXVehicles
LogPluginManager: Mounting plugin ProceduralMeshComponent
LogPluginManager: Mounting plugin RuntimePhysXCooking
LogPluginManager: Mounting plugin SignificanceManager
LogPluginManager: Mounting plugin SteamVR
LogPluginManager: Mounting plugin WebMMoviePlayer
LogPluginManager: Mounting plugin WindowsMoviePlayer
LogPluginManager: Mounting plugin ScreenshotTools
LogInit: Using libcurl 7.55.1-DEV
LogInit:  - built for x86_64-pc-win32
LogInit:  - supports SSL with OpenSSL/1.1.1
LogInit:  - supports HTTP deflate (compression) using libz 1.2.8
LogInit:  - other features:
LogInit:      CURL_VERSION_SSL
LogInit:      CURL_VERSION_LIBZ
LogInit:      CURL_VERSION_IPV6
LogInit:      CURL_VERSION_ASYNCHDNS
LogInit:      CURL_VERSION_LARGEFILE
LogInit:      CURL_VERSION_IDN
LogInit:  CurlRequestOptions (configurable via config and command line):
LogInit:  - bVerifyPeer = true  - Libcurl will verify peer certificate
LogInit:  - bUseHttpProxy = false  - Libcurl will NOT use HTTP proxy
LogInit:  - bDontReuseConnections = false  - Libcurl will reuse connections
LogInit:  - MaxHostConnections = 16  - Libcurl will limit the number of connections to a host
LogInit:  - LocalHostAddr = Default
LogInit:  - BufferSize = 65536
LogOnline: OSS: Creating online subsystem instance for: NULL
LogInit: WinSock: version 1.1 (2.2), MaxSocks=32767, MaxUdp=65467
LogInit: Build: ++UE4+Release-4.23-CL-9631420
LogInit: Engine Version: 4.23.1-9631420+++UE4+Release-4.23
LogInit: Compatible Engine Version: 4.23.0-8386587+++UE4+Release-4.23
LogInit: Net CL: 8386587
LogInit: OS: Windows 10 (Release 1903) (), CPU: Intel(R) Core(TM) i5-4460  CPU @ 3.20GHz, GPU: NVIDIA GeForce GTX 1080
LogInit: Compiled (64-bit): Oct 18 2019 02:07:44
LogInit: Compiled with Visual C++: 19.16.27030.01
LogInit: Build Configuration: Development
LogInit: Branch Name: ++UE4+Release-4.23
LogInit: Command Line: 
LogInit: Base Directory: E:/Epic Games/UE_4.23/Engine/Binaries/Win64/
LogInit: Installed Engine Build: 1
LogDevObjectVersion: Number of dev versions registered: 23
LogDevObjectVersion:   Dev-Blueprints (B0D832E4-1F89-4F0D-ACCF-7EB736FD4AA2): 10
LogDevObjectVersion:   Dev-Build (E1C64328-A22C-4D53-A36C-8E866417BD8C): 0
LogDevObjectVersion:   Dev-Core (375EC13C-06E4-48FB-B500-84F0262A717E): 3
LogDevObjectVersion:   Dev-Editor (E4B068ED-F494-42E9-A231-DA0B2E46BB41): 34
LogDevObjectVersion:   Dev-Framework (CFFC743F-43B0-4480-9391-14DF171D2073): 35
LogDevObjectVersion:   Dev-Mobile (B02B49B5-BB20-44E9-A304-32B752E40360): 2
LogDevObjectVersion:   Dev-Networking (A4E4105C-59A1-49B5-A7C5-40C4547EDFEE): 0
LogDevObjectVersion:   Dev-Online (39C831C9-5AE6-47DC-9A44-9C173E1C8E7C): 0
LogDevObjectVersion:   Dev-Physics (78F01B33-EBEA-4F98-B9B4-84EACCB95AA2): 0
LogDevObjectVersion:   Dev-Platform (6631380F-2D4D-43E0-8009-CF276956A95A): 0
LogDevObjectVersion:   Dev-Rendering (12F88B9F-8875-4AFC-A67C-D90C383ABD29): 31
LogDevObjectVersion:   Dev-Sequencer (7B5AE74C-D270-4C10-A958-57980B212A5A): 11
LogDevObjectVersion:   Dev-VR (D7296918-1DD6-4BDD-9DE2-64A83CC13884): 2
LogDevObjectVersion:   Dev-LoadTimes (C2A15278-BFE7-4AFE-6C17-90FF531DF755): 1
LogDevObjectVersion:   Private-Geometry (6EACA3D4-40EC-4CC1-B786-8BED09428FC5): 3
LogDevObjectVersion:   Dev-AnimPhys (29E575DD-E0A3-4627-9D10-D276232CDCEA): 17
LogDevObjectVersion:   Dev-Anim (AF43A65D-7FD3-4947-9873-3E8ED9C1BB05): 2
LogDevObjectVersion:   Dev-ReflectionCapture (6B266CEC-1EC7-4B8F-A30B-E4D90942FC07): 1
LogDevObjectVersion:   Dev-Automation (0DF73D61-A23F-47EA-B727-89E90C41499A): 1
LogDevObjectVersion:   FortniteMain (601D1886-AC64-4F84-AA16-D3DE0DEAC7D6): 27
LogDevObjectVersion:   Dev-Enterprise (9DFFBCD6-494F-0158-E221-12823C92A888): 6
LogDevObjectVersion:   Dev-Niagara (F2AED0AC-9AFE-416F-8664-AA7FFA26D6FC): 1
LogDevObjectVersion:   Dev-Destruction (174F1F0B-B4C6-45A5-B13F-2EE8D0FB917D): 9
LogInit: Presizing for max 16777216 objects, including 0 objects not considered by GC, pre-allocating 0 bytes for permanent pool.
LogInit: Object subsystem initialized
LogConfig: Setting CVar [[con.DebugEarlyDefault:1]]
LogConfig: Setting CVar [[r.setres:1280x720]]
[2020.07.11-17.14.08:478][  0]LogConfig: Setting CVar [[r.VSync:0]]
[2020.07.11-17.14.08:478][  0]LogConfig: Setting CVar [[r.RHICmdBypass:0]]
[2020.07.11-17.14.08:478][  0]LogConfig: Applying CVar settings from Section [/Script/Engine.RendererSettings] File [D:/Projects/Game/GMTK-Jam-2020/FireManThing/Saved/Config/Windows/Engine.ini]
[2020.07.11-17.14.08:478][  0]LogConfig: Setting CVar [[r.GPUCrashDebugging:0]]
[2020.07.11-17.14.08:478][  0]LogConfig: Applying CVar settings from Section [/Script/Engine.RendererOverrideSettings] File [D:/Projects/Game/GMTK-Jam-2020/FireManThing/Saved/Config/Windows/Engine.ini]
[2020.07.11-17.14.08:478][  0]LogConfig: Applying CVar settings from Section [/Script/Engine.StreamingSettings] File [D:/Projects/Game/GMTK-Jam-2020/FireManThing/Saved/Config/Windows/Engine.ini]
[2020.07.11-17.14.08:478][  0]LogConfig: Setting CVar [[s.MinBulkDataSizeForAsyncLoading:131072]]
[2020.07.11-17.14.08:478][  0]LogConfig: Setting CVar [[s.AsyncLoadingThreadEnabled:0]]
[2020.07.11-17.14.08:478][  0]LogConfig: Setting CVar [[s.EventDrivenLoaderEnabled:1]]
[2020.07.11-17.14.08:478][  0]LogConfig: Setting CVar [[s.WarnIfTimeLimitExceeded:0]]
[2020.07.11-17.14.08:478][  0]LogConfig: Setting CVar [[s.TimeLimitExceededMultiplier:1.5]]
[2020.07.11-17.14.08:478][  0]LogConfig: Setting CVar [[s.TimeLimitExceededMinTime:0.005]]
[2020.07.11-17.14.08:478][  0]LogConfig: Setting CVar [[s.UseBackgroundLevelStreaming:1]]
[2020.07.11-17.14.08:478][  0]LogConfig: Setting CVar [[s.PriorityAsyncLoadingExtraTime:15.0]]
[2020.07.11-17.14.08:478][  0]LogConfig: Setting CVar [[s.LevelStreamingActorsUpdateTimeLimit:5.0]]
[2020.07.11-17.14.08:478][  0]LogConfig: Setting CVar [[s.PriorityLevelStreamingActorsUpdateExtraTime:5.0]]
[2020.07.11-17.14.08:478][  0]LogConfig: Setting CVar [[s.LevelStreamingComponentsRegistrationGranularity:10]]
[2020.07.11-17.14.08:478][  0]LogConfig: Setting CVar [[s.UnregisterComponentsTimeLimit:1.0]]
[2020.07.11-17.14.08:478][  0]LogConfig: Setting CVar [[s.LevelStreamingComponentsUnregistrationGranularity:5]]
[2020.07.11-17.14.08:478][  0]LogConfig: Applying CVar settings from Section [/Script/Engine.GarbageCollectionSettings] File [D:/Projects/Game/GMTK-Jam-2020/FireManThing/Saved/Config/Windows/Engine.ini]
[2020.07.11-17.14.08:478][  0]LogConfig: Setting CVar [[gc.MaxObjectsNotConsideredByGC:1]]
[2020.07.11-17.14.08:478][  0]LogConfig: Setting CVar [[gc.SizeOfPermanentObjectPool:0]]
[2020.07.11-17.14.08:478][  0]LogConfig: Setting CVar [[gc.FlushStreamingOnGC:0]]
[2020.07.11-17.14.08:478][  0]LogConfig: Setting CVar [[gc.NumRetriesBeforeForcingGC:10]]
[2020.07.11-17.14.08:478][  0]LogConfig: Setting CVar [[gc.AllowParallelGC:1]]
[2020.07.11-17.14.08:478][  0]LogConfig: Setting CVar [[gc.TimeBetweenPurgingPendingKillObjects:61.1]]
[2020.07.11-17.14.08:478][  0]LogConfig: Setting CVar [[gc.MaxObjectsInEditor:16777216]]
[2020.07.11-17.14.08:478][  0]LogConfig: Setting CVar [[gc.IncrementalBeginDestroyEnabled:1]]
[2020.07.11-17.14.08:478][  0]LogConfig: Setting CVar [[gc.CreateGCClusters:1]]
[2020.07.11-17.14.08:478][  0]LogConfig: Setting CVar [[gc.MinGCClusterSize:5]]
[2020.07.11-17.14.08:479][  0]LogConfig: Setting CVar [[gc.ActorClusteringEnabled:0]]
[2020.07.11-17.14.08:479][  0]LogConfig: Setting CVar [[gc.BlueprintClusteringEnabled:0]]
[2020.07.11-17.14.08:479][  0]LogConfig: Setting CVar [[gc.UseDisregardForGCOnDedicatedServers:0]]
[2020.07.11-17.14.08:479][  0]LogConfig: Applying CVar settings from Section [/Script/Engine.NetworkSettings] File [D:/Projects/Game/GMTK-Jam-2020/FireManThing/Saved/Config/Windows/Engine.ini]
[2020.07.11-17.14.08:479][  0]LogConfig: Applying CVar settings from Section [/Script/UnrealEd.CookerSettings] File [D:/Projects/Game/GMTK-Jam-2020/FireManThing/Saved/Config/Windows/Engine.ini]
[2020.07.11-17.14.08:483][  0]LogConfig: Applying CVar settings from Section [ViewDistanceQuality@3] File [D:/Projects/Game/GMTK-Jam-2020/FireManThing/Saved/Config/Windows/Scalability.ini]
[2020.07.11-17.14.08:483][  0]LogConfig: Setting CVar [[r.SkeletalMeshLODBias:0]]
[2020.07.11-17.14.08:483][  0]LogConfig: Setting CVar [[r.ViewDistanceScale:1.0]]
[2020.07.11-17.14.08:483][  0]LogConfig: Applying CVar settings from Section [AntiAliasingQuality@3] File [D:/Projects/Game/GMTK-Jam-2020/FireManThing/Saved/Config/Windows/Scalability.ini]
[2020.07.11-17.14.08:483][  0]LogConfig: Setting CVar [[r.PostProcessAAQuality:4]]
[2020.07.11-17.14.08:483][  0]LogConfig: Applying CVar settings from Section [ShadowQuality@3] File [D:/Projects/Game/GMTK-Jam-2020/FireManThing/Saved/Config/Windows/Scalability.ini]
[2020.07.11-17.14.08:483][  0]LogConfig: Setting CVar [[r.LightFunctionQuality:1]]
[2020.07.11-17.14.08:483][  0]LogConfig: Setting CVar [[r.ShadowQuality:5]]
[2020.07.11-17.14.08:483][  0]LogConfig: Setting CVar [[r.Shadow.CSM.MaxCascades:10]]
[2020.07.11-17.14.08:483][  0]LogConfig: Setting CVar [[r.Shadow.MaxResolution:2048]]
[2020.07.11-17.14.08:483][  0]LogConfig: Setting CVar [[r.Shadow.MaxCSMResolution:2048]]
[2020.07.11-17.14.08:483][  0]LogConfig: Setting CVar [[r.Shadow.RadiusThreshold:0.01]]
[2020.07.11-17.14.08:483][  0]LogConfig: Setting CVar [[r.Shadow.DistanceScale:1.0]]
[2020.07.11-17.14.08:483][  0]LogConfig: Setting CVar [[r.Shadow.CSM.TransitionScale:1.0]]
[2020.07.11-17.14.08:483][  0]LogConfig: Setting CVar [[r.Shadow.PreShadowResolutionFactor:1.0]]
[2020.07.11-17.14.08:483][  0]LogConfig: Setting CVar [[r.DistanceFieldShadowing:1]]
[2020.07.11-17.14.08:483][  0]LogConfig: Setting CVar [[r.DistanceFieldAO:1]]
[2020.07.11-17.14.08:483][  0]LogConfig: Setting CVar [[r.AOQuality:2]]
[2020.07.11-17.14.08:483][  0]LogConfig: Setting CVar [[r.VolumetricFog:1]]
[2020.07.11-17.14.08:483][  0]LogConfig: Setting CVar [[r.VolumetricFog.GridPixelSize:8]]
[2020.07.11-17.14.08:483][  0]LogConfig: Setting CVar [[r.VolumetricFog.GridSizeZ:128]]
[2020.07.11-17.14.08:483][  0]LogConfig: Setting CVar [[r.VolumetricFog.HistoryMissSupersampleCount:4]]
[2020.07.11-17.14.08:483][  0]LogConfig: Setting CVar [[r.LightMaxDrawDistanceScale:1]]
[2020.07.11-17.14.08:483][  0]LogConfig: Setting CVar [[r.CapsuleShadows:1]]
[2020.07.11-17.14.08:483][  0]LogConfig: Applying CVar settings from Section [PostProcessQuality@3] File [D:/Projects/Game/GMTK-Jam-2020/FireManThing/Saved/Config/Windows/Scalability.ini]
[2020.07.11-17.14.08:483][  0]LogConfig: Setting CVar [[r.MotionBlurQuality:4]]
[2020.07.11-17.14.08:483][  0]LogConfig: Setting CVar [[r.AmbientOcclusionMipLevelFactor:0.4]]
[2020.07.11-17.14.08:483][  0]LogConfig: Setting CVar [[r.AmbientOcclusionMaxQuality:100]]
[2020.07.11-17.14.08:483][  0]LogConfig: Setting CVar [[r.AmbientOcclusionLevels:-1]]
[2020.07.11-17.14.08:483][  0]LogConfig: Setting CVar [[r.AmbientOcclusionRadiusScale:1.0]]
[2020.07.11-17.14.08:483][  0]LogConfig: Setting CVar [[r.DepthOfFieldQuality:2]]
[2020.07.11-17.14.08:483][  0]LogConfig: Setting CVar [[r.RenderTargetPoolMin:400]]
[2020.07.11-17.14.08:483][  0]LogConfig: Setting CVar [[r.LensFlareQuality:2]]
[2020.07.11-17.14.08:483][  0]LogConfig: Setting CVar [[r.SceneColorFringeQuality:1]]
[2020.07.11-17.14.08:483][  0]LogConfig: Setting CVar [[r.EyeAdaptationQuality:2]]
[2020.07.11-17.14.08:483][  0]LogConfig: Setting CVar [[r.BloomQuality:5]]
[2020.07.11-17.14.08:483][  0]LogConfig: Setting CVar [[r.FastBlurThreshold:100]]
[2020.07.11-17.14.08:483][  0]LogConfig: Setting CVar [[r.Upscale.Quality:3]]
[2020.07.11-17.14.08:483][  0]LogConfig: Setting CVar [[r.Tonemapper.GrainQuantization:1]]
[2020.07.11-17.14.08:483][  0]LogConfig: Setting CVar [[r.LightShaftQuality:1]]
[2020.07.11-17.14.08:483][  0]LogConfig: Setting CVar [[r.Filter.SizeScale:1]]
[2020.07.11-17.14.08:483][  0]LogConfig: Setting CVar [[r.Tonemapper.Quality:5]]
[2020.07.11-17.14.08:483][  0]LogConfig: Setting CVar [[r.DOF.Gather.AccumulatorQuality:1        ; higher gathering accumulator quality]]
[2020.07.11-17.14.08:483][  0]LogConfig: Setting CVar [[r.DOF.Gather.PostfilterMethod:1          ; Median3x3 postfilering method]]
[2020.07.11-17.14.08:483][  0]LogConfig: Setting CVar [[r.DOF.Gather.EnableBokehSettings:0       ; no bokeh simulation when gathering]]
[2020.07.11-17.14.08:483][  0]LogConfig: Setting CVar [[r.DOF.Gather.RingCount:4                 ; medium number of samples when gathering]]
[2020.07.11-17.14.08:483][  0]LogConfig: Setting CVar [[r.DOF.Scatter.ForegroundCompositing:1    ; additive foreground scattering]]
[2020.07.11-17.14.08:483][  0]LogConfig: Setting CVar [[r.DOF.Scatter.BackgroundCompositing:2    ; additive background scattering]]
[2020.07.11-17.14.08:483][  0]LogConfig: Setting CVar [[r.DOF.Scatter.EnableBokehSettings:1      ; bokeh simulation when scattering]]
[2020.07.11-17.14.08:483][  0]LogConfig: Setting CVar [[r.DOF.Scatter.MaxSpriteRatio:0.1         ; only a maximum of 10% of scattered bokeh]]
[2020.07.11-17.14.08:483][  0]LogConfig: Setting CVar [[r.DOF.Recombine.Quality:1                ; cheap slight out of focus]]
[2020.07.11-17.14.08:483][  0]LogConfig: Setting CVar [[r.DOF.Recombine.EnableBokehSettings:0    ; no bokeh simulation on slight out of focus]]
[2020.07.11-17.14.08:483][  0]LogConfig: Setting CVar [[r.DOF.TemporalAAQuality:1                ; more stable temporal accumulation]]
[2020.07.11-17.14.08:483][  0]LogConfig: Setting CVar [[r.DOF.Kernel.MaxForegroundRadius:0.025]]
[2020.07.11-17.14.08:483][  0]LogConfig: Setting CVar [[r.DOF.Kernel.MaxBackgroundRadius:0.025]]
[2020.07.11-17.14.08:483][  0]LogConfig: Applying CVar settings from Section [TextureQuality@3] File [D:/Projects/Game/GMTK-Jam-2020/FireManThing/Saved/Config/Windows/Scalability.ini]
[2020.07.11-17.14.08:483][  0]LogConfig: Setting CVar [[r.Streaming.MipBias:0]]
[2020.07.11-17.14.08:483][  0]LogConfig: Setting CVar [[r.Streaming.AmortizeCPUToGPUCopy:0]]
[2020.07.11-17.14.08:483][  0]LogConfig: Setting CVar [[r.Streaming.MaxNumTexturesToStreamPerFrame:0]]
[2020.07.11-17.14.08:483][  0]LogConfig: Setting CVar [[r.Streaming.Boost:1]]
[2020.07.11-17.14.08:483][  0]LogConfig: Setting CVar [[r.MaxAnisotropy:8]]
[2020.07.11-17.14.08:483][  0]LogConfig: Setting CVar [[r.Streaming.LimitPoolSizeToVRAM:0]]
[2020.07.11-17.14.08:483][  0]LogConfig: Setting CVar [[r.Streaming.PoolSize:1000]]
[2020.07.11-17.14.08:484][  0]LogConfig: Setting CVar [[r.Streaming.MaxEffectiveScreenSize:0]]
[2020.07.11-17.14.08:484][  0]LogConfig: Applying CVar settings from Section [EffectsQuality@3] File [D:/Projects/Game/GMTK-Jam-2020/FireManThing/Saved/Config/Windows/Scalability.ini]
[2020.07.11-17.14.08:484][  0]LogConfig: Setting CVar [[r.TranslucencyLightingVolumeDim:64]]
[2020.07.11-17.14.08:484][  0]LogConfig: Setting CVar [[r.RefractionQuality:2]]
[2020.07.11-17.14.08:484][  0]LogConfig: Setting CVar [[r.SSR.Quality:3]]
[2020.07.11-17.14.08:484][  0]LogConfig: Setting CVar [[r.SceneColorFormat:4]]
[2020.07.11-17.14.08:484][  0]LogConfig: Setting CVar [[r.DetailMode:2]]
[2020.07.11-17.14.08:484][  0]LogConfig: Setting CVar [[r.TranslucencyVolumeBlur:1]]
[2020.07.11-17.14.08:484][  0]LogConfig: Setting CVar [[r.MaterialQualityLevel:1 ; High quality]]
[2020.07.11-17.14.08:484][  0]LogConfig: Setting CVar [[r.SSS.Scale:1]]
[2020.07.11-17.14.08:484][  0]LogConfig: Setting CVar [[r.SSS.SampleSet:2]]
[2020.07.11-17.14.08:484][  0]LogConfig: Setting CVar [[r.SSS.Quality:1]]
[2020.07.11-17.14.08:484][  0]LogConfig: Setting CVar [[r.SSS.HalfRes:1]]
[2020.07.11-17.14.08:484][  0]LogConfig: Setting CVar [[r.EmitterSpawnRateScale:1.0]]
[2020.07.11-17.14.08:484][  0]LogConfig: Setting CVar [[r.ParticleLightQuality:2]]
[2020.07.11-17.14.08:484][  0]LogConfig: Applying CVar settings from Section [FoliageQuality@3] File [D:/Projects/Game/GMTK-Jam-2020/FireManThing/Saved/Config/Windows/Scalability.ini]
[2020.07.11-17.14.08:484][  0]LogConfig: Setting CVar [[foliage.DensityScale:1.0]]
[2020.07.11-17.14.08:484][  0]LogConfig: Setting CVar [[grass.DensityScale:1.0]]
[2020.07.11-17.14.08:484][  0]LogInit: Selected Device Profile: [Windows]
[2020.07.11-17.14.08:484][  0]LogInit: Applying CVar settings loaded from the selected device profile: [Windows]
[2020.07.11-17.14.08:487][  0]LogHAL: Display: Platform has ~ 16 GB [17078288384 / 17179869184 / 16], which maps to Larger [LargestMinGB=32, LargerMinGB=12, DefaultMinGB=8, SmallerMinGB=6, SmallestMinGB=0)
[2020.07.11-17.14.08:487][  0]LogInit: Going up to parent DeviceProfile []
[2020.07.11-17.14.08:487][  0]LogConfig: Applying CVar settings from Section [ViewDistanceQuality@3] File [D:/Projects/Game/GMTK-Jam-2020/FireManThing/Saved/Config/Windows/Scalability.ini]
[2020.07.11-17.14.08:487][  0]LogConfig: Setting CVar [[r.SkeletalMeshLODBias:0]]
[2020.07.11-17.14.08:487][  0]LogConfig: Setting CVar [[r.ViewDistanceScale:1.0]]
[2020.07.11-17.14.08:487][  0]LogConfig: Applying CVar settings from Section [AntiAliasingQuality@3] File [D:/Projects/Game/GMTK-Jam-2020/FireManThing/Saved/Config/Windows/Scalability.ini]
[2020.07.11-17.14.08:487][  0]LogConfig: Setting CVar [[r.PostProcessAAQuality:4]]
[2020.07.11-17.14.08:487][  0]LogConfig: Applying CVar settings from Section [ShadowQuality@3] File [D:/Projects/Game/GMTK-Jam-2020/FireManThing/Saved/Config/Windows/Scalability.ini]
[2020.07.11-17.14.08:487][  0]LogConfig: Setting CVar [[r.LightFunctionQuality:1]]
[2020.07.11-17.14.08:487][  0]LogConfig: Setting CVar [[r.ShadowQuality:5]]
[2020.07.11-17.14.08:487][  0]LogConfig: Setting CVar [[r.Shadow.CSM.MaxCascades:10]]
[2020.07.11-17.14.08:487][  0]LogConfig: Setting CVar [[r.Shadow.MaxResolution:2048]]
[2020.07.11-17.14.08:487][  0]LogConfig: Setting CVar [[r.Shadow.MaxCSMResolution:2048]]
[2020.07.11-17.14.08:487][  0]LogConfig: Setting CVar [[r.Shadow.RadiusThreshold:0.01]]
[2020.07.11-17.14.08:487][  0]LogConfig: Setting CVar [[r.Shadow.DistanceScale:1.0]]
[2020.07.11-17.14.08:487][  0]LogConfig: Setting CVar [[r.Shadow.CSM.TransitionScale:1.0]]
[2020.07.11-17.14.08:487][  0]LogConfig: Setting CVar [[r.Shadow.PreShadowResolutionFactor:1.0]]
[2020.07.11-17.14.08:487][  0]LogConfig: Setting CVar [[r.DistanceFieldShadowing:1]]
[2020.07.11-17.14.08:487][  0]LogConfig: Setting CVar [[r.DistanceFieldAO:1]]
[2020.07.11-17.14.08:487][  0]LogConfig: Setting CVar [[r.AOQuality:2]]
[2020.07.11-17.14.08:487][  0]LogConfig: Setting CVar [[r.VolumetricFog:1]]
[2020.07.11-17.14.08:487][  0]LogConfig: Setting CVar [[r.VolumetricFog.GridPixelSize:8]]
[2020.07.11-17.14.08:487][  0]LogConfig: Setting CVar [[r.VolumetricFog.GridSizeZ:128]]
[2020.07.11-17.14.08:487][  0]LogConfig: Setting CVar [[r.VolumetricFog.HistoryMissSupersampleCount:4]]
[2020.07.11-17.14.08:487][  0]LogConfig: Setting CVar [[r.LightMaxDrawDistanceScale:1]]
[2020.07.11-17.14.08:487][  0]LogConfig: Setting CVar [[r.CapsuleShadows:1]]
[2020.07.11-17.14.08:487][  0]LogConfig: Applying CVar settings from Section [PostProcessQuality@3] File [D:/Projects/Game/GMTK-Jam-2020/FireManThing/Saved/Config/Windows/Scalability.ini]
[2020.07.11-17.14.08:487][  0]LogConfig: Setting CVar [[r.MotionBlurQuality:4]]
[2020.07.11-17.14.08:487][  0]LogConfig: Setting CVar [[r.AmbientOcclusionMipLevelFactor:0.4]]
[2020.07.11-17.14.08:487][  0]LogConfig: Setting CVar [[r.AmbientOcclusionMaxQuality:100]]
[2020.07.11-17.14.08:487][  0]LogConfig: Setting CVar [[r.AmbientOcclusionLevels:-1]]
[2020.07.11-17.14.08:487][  0]LogConfig: Setting CVar [[r.AmbientOcclusionRadiusScale:1.0]]
[2020.07.11-17.14.08:487][  0]LogConfig: Setting CVar [[r.DepthOfFieldQuality:2]]
[2020.07.11-17.14.08:487][  0]LogConfig: Setting CVar [[r.RenderTargetPoolMin:400]]
[2020.07.11-17.14.08:487][  0]LogConfig: Setting CVar [[r.LensFlareQuality:2]]
[2020.07.11-17.14.08:487][  0]LogConfig: Setting CVar [[r.SceneColorFringeQuality:1]]
[2020.07.11-17.14.08:487][  0]LogConfig: Setting CVar [[r.EyeAdaptationQuality:2]]
[2020.07.11-17.14.08:487][  0]LogConfig: Setting CVar [[r.BloomQuality:5]]
[2020.07.11-17.14.08:487][  0]LogConfig: Setting CVar [[r.FastBlurThreshold:100]]
[2020.07.11-17.14.08:487][  0]LogConfig: Setting CVar [[r.Upscale.Quality:3]]
[2020.07.11-17.14.08:487][  0]LogConfig: Setting CVar [[r.Tonemapper.GrainQuantization:1]]
[2020.07.11-17.14.08:487][  0]LogConfig: Setting CVar [[r.LightShaftQuality:1]]
[2020.07.11-17.14.08:487][  0]LogConfig: Setting CVar [[r.Filter.SizeScale:1]]
[2020.07.11-17.14.08:487][  0]LogConfig: Setting CVar [[r.Tonemapper.Quality:5]]
[2020.07.11-17.14.08:487][  0]LogConfig: Setting CVar [[r.DOF.Gather.AccumulatorQuality:1        ; higher gathering accumulator quality]]
[2020.07.11-17.14.08:487][  0]LogConfig: Setting CVar [[r.DOF.Gather.PostfilterMethod:1          ; Median3x3 postfilering method]]
[2020.07.11-17.14.08:487][  0]LogConfig: Setting CVar [[r.DOF.Gather.EnableBokehSettings:0       ; no bokeh simulation when gathering]]
[2020.07.11-17.14.08:488][  0]LogConfig: Setting CVar [[r.DOF.Gather.RingCount:4                 ; medium number of samples when gathering]]
[2020.07.11-17.14.08:488][  0]LogConfig: Setting CVar [[r.DOF.Scatter.ForegroundCompositing:1    ; additive foreground scattering]]
[2020.07.11-17.14.08:488][  0]LogConfig: Setting CVar [[r.DOF.Scatter.BackgroundCompositing:2    ; additive background scattering]]
[2020.07.11-17.14.08:488][  0]LogConfig: Setting CVar [[r.DOF.Scatter.EnableBokehSettings:1      ; bokeh simulation when scattering]]
[2020.07.11-17.14.08:488][  0]LogConfig: Setting CVar [[r.DOF.Scatter.MaxSpriteRatio:0.1         ; only a maximum of 10% of scattered bokeh]]
[2020.07.11-17.14.08:488][  0]LogConfig: Setting CVar [[r.DOF.Recombine.Quality:1                ; cheap slight out of focus]]
[2020.07.11-17.14.08:488][  0]LogConfig: Setting CVar [[r.DOF.Recombine.EnableBokehSettings:0    ; no bokeh simulation on slight out of focus]]
[2020.07.11-17.14.08:488][  0]LogConfig: Setting CVar [[r.DOF.TemporalAAQuality:1                ; more stable temporal accumulation]]
[2020.07.11-17.14.08:488][  0]LogConfig: Setting CVar [[r.DOF.Kernel.MaxForegroundRadius:0.025]]
[2020.07.11-17.14.08:488][  0]LogConfig: Setting CVar [[r.DOF.Kernel.MaxBackgroundRadius:0.025]]
[2020.07.11-17.14.08:488][  0]LogConfig: Applying CVar settings from Section [TextureQuality@3] File [D:/Projects/Game/GMTK-Jam-2020/FireManThing/Saved/Config/Windows/Scalability.ini]
[2020.07.11-17.14.08:488][  0]LogConfig: Setting CVar [[r.Streaming.MipBias:0]]
[2020.07.11-17.14.08:488][  0]LogConfig: Setting CVar [[r.Streaming.AmortizeCPUToGPUCopy:0]]
[2020.07.11-17.14.08:488][  0]LogConfig: Setting CVar [[r.Streaming.MaxNumTexturesToStreamPerFrame:0]]
[2020.07.11-17.14.08:488][  0]LogConfig: Setting CVar [[r.Streaming.Boost:1]]
[2020.07.11-17.14.08:488][  0]LogConfig: Setting CVar [[r.MaxAnisotropy:8]]
[2020.07.11-17.14.08:488][  0]LogConfig: Setting CVar [[r.Streaming.LimitPoolSizeToVRAM:0]]
[2020.07.11-17.14.08:488][  0]LogConfig: Setting CVar [[r.Streaming.PoolSize:1000]]
[2020.07.11-17.14.08:488][  0]LogConfig: Setting CVar [[r.Streaming.MaxEffectiveScreenSize:0]]
[2020.07.11-17.14.08:488][  0]LogConfig: Applying CVar settings from Section [EffectsQuality@3] File [D:/Projects/Game/GMTK-Jam-2020/FireManThing/Saved/Config/Windows/Scalability.ini]
[2020.07.11-17.14.08:488][  0]LogConfig: Setting CVar [[r.TranslucencyLightingVolumeDim:64]]
[2020.07.11-17.14.08:488][  0]LogConfig: Setting CVar [[r.RefractionQuality:2]]
[2020.07.11-17.14.08:488][  0]LogConfig: Setting CVar [[r.SSR.Quality:3]]
[2020.07.11-17.14.08:488][  0]LogConfig: Setting CVar [[r.SceneColorFormat:4]]
[2020.07.11-17.14.08:488][  0]LogConfig: Setting CVar [[r.DetailMode:2]]
[2020.07.11-17.14.08:488][  0]LogConfig: Setting CVar [[r.TranslucencyVolumeBlur:1]]
[2020.07.11-17.14.08:488][  0]LogConfig: Setting CVar [[r.MaterialQualityLevel:1 ; High quality]]
[2020.07.11-17.14.08:488][  0]LogConfig: Setting CVar [[r.SSS.Scale:1]]
[2020.07.11-17.14.08:488][  0]LogConfig: Setting CVar [[r.SSS.SampleSet:2]]
[2020.07.11-17.14.08:488][  0]LogConfig: Setting CVar [[r.SSS.Quality:1]]
[2020.07.11-17.14.08:488][  0]LogConfig: Setting CVar [[r.SSS.HalfRes:1]]
[2020.07.11-17.14.08:488][  0]LogConfig: Setting CVar [[r.EmitterSpawnRateScale:1.0]]
[2020.07.11-17.14.08:488][  0]LogConfig: Setting CVar [[r.ParticleLightQuality:2]]
[2020.07.11-17.14.08:488][  0]LogConfig: Applying CVar settings from Section [FoliageQuality@3] File [D:/Projects/Game/GMTK-Jam-2020/FireManThing/Saved/Config/Windows/Scalability.ini]
[2020.07.11-17.14.08:488][  0]LogConfig: Setting CVar [[foliage.DensityScale:1.0]]
[2020.07.11-17.14.08:488][  0]LogConfig: Setting CVar [[grass.DensityScale:1.0]]
[2020.07.11-17.14.08:488][  0]LogConfig: Applying CVar settings from Section [Startup] File [../../../Engine/Config/ConsoleVariables.ini]
[2020.07.11-17.14.08:488][  0]LogConfig: Setting CVar [[net.UseAdaptiveNetUpdateFrequency:0]]
[2020.07.11-17.14.08:488][  0]LogConfig: Setting CVar [[p.chaos.AllowCreatePhysxBodies:1]]
[2020.07.11-17.14.08:488][  0]LogConfig: Applying CVar settings from Section [ConsoleVariables] File [D:/Projects/Game/GMTK-Jam-2020/FireManThing/Saved/Config/Windows/Engine.ini]
[2020.07.11-17.14.08:488][  0]LogInit: Computer: USER-PC
[2020.07.11-17.14.08:488][  0]LogInit: User: User
[2020.07.11-17.14.08:488][  0]LogInit: CPU Page size=4096, Cores=4
[2020.07.11-17.14.08:488][  0]LogInit: High frequency timer resolution =10.000000 MHz
[2020.07.11-17.14.08:489][  0]LogMemory: Memory total: Physical=15.9GB (16GB approx)
[2020.07.11-17.14.08:489][  0]LogMemory: Platform Memory Stats for Windows
[2020.07.11-17.14.08:489][  0]LogMemory: Process Physical Memory: 100.11 MB used, 100.11 MB peak
[2020.07.11-17.14.08:489][  0]LogMemory: Process Virtual Memory: 87.88 MB used, 87.88 MB peak
[2020.07.11-17.14.08:489][  0]LogMemory: Physical Memory: 5795.46 MB used,  10491.67 MB free, 16287.13 MB total
[2020.07.11-17.14.08:489][  0]LogMemory: Virtual Memory: 4643.59 MB used,  134213088.00 MB free, 134217728.00 MB total
[2020.07.11-17.14.08:494][  0]LogWindows: WindowsPlatformFeatures enabled
[2020.07.11-17.14.08:530][  0]LogInit: Using OS detected language (en-GB).
[2020.07.11-17.14.08:530][  0]LogInit: Using OS detected locale (en-GB).
[2020.07.11-17.14.08:531][  0]LogTextLocalizationManager: No specific localization for 'en-GB' exists, so the 'en' localization will be used.
[2020.07.11-17.14.08:743][  0]LogInit: Setting process to per monitor DPI aware
[2020.07.11-17.14.08:787][  0]LogSlate: New Slate User Created.  User Index 0, Is Virtual User: 0
[2020.07.11-17.14.08:788][  0]LogSlate: Slate User Registered.  User Index 0, Is Virtual User: 0
[2020.07.11-17.14.09:106][  0]LogHMD: Failed to initialize OpenVR with code 110
[2020.07.11-17.14.09:106][  0]LogD3D11RHI: D3D11 adapters:
[2020.07.11-17.14.09:190][  0]LogD3D11RHI:    0. 'NVIDIA GeForce GTX 1080' (Feature Level 11_0)
[2020.07.11-17.14.09:190][  0]LogD3D11RHI:       8079/0/8143 MB DedicatedVideo/DedicatedSystem/SharedSystem, Outputs:1, VendorId:0x10de
[2020.07.11-17.14.09:194][  0]LogD3D11RHI:    1. 'Microsoft Basic Render Driver' (Feature Level 11_0)
[2020.07.11-17.14.09:194][  0]LogD3D11RHI:       0/0/8143 MB DedicatedVideo/DedicatedSystem/SharedSystem, Outputs:0, VendorId:0x1414
[2020.07.11-17.14.09:194][  0]LogD3D11RHI: Chosen D3D11 Adapter: 0
[2020.07.11-17.14.09:202][  0]LogD3D11RHI: Creating new Direct3DDevice
[2020.07.11-17.14.09:202][  0]LogD3D11RHI:     GPU DeviceId: 0x1b80 (for the marketing name, search the web for "GPU Device Id")
[2020.07.11-17.14.09:202][  0]LogWindows: EnumDisplayDevices:
[2020.07.11-17.14.09:202][  0]LogWindows:    0. 'NVIDIA GeForce GTX 1080' (P:1 D:1)
[2020.07.11-17.14.09:203][  0]LogWindows:    1. 'NVIDIA GeForce GTX 1080' (P:0 D:0)
[2020.07.11-17.14.09:203][  0]LogWindows:    2. 'NVIDIA GeForce GTX 1080' (P:0 D:0)
[2020.07.11-17.14.09:204][  0]LogWindows:    3. 'NVIDIA GeForce GTX 1080' (P:0 D:0)
[2020.07.11-17.14.09:204][  0]LogWindows: DebugString: FoundDriverCount:4 
[2020.07.11-17.14.09:204][  0]LogD3D11RHI:     Adapter Name: NVIDIA GeForce GTX 1080
[2020.07.11-17.14.09:204][  0]LogD3D11RHI:   Driver Version: 446.14 (internal:26.21.14.4614, unified:446.14)
[2020.07.11-17.14.09:204][  0]LogD3D11RHI:      Driver Date: 5-15-2020
[2020.07.11-17.14.09:204][  0]LogRHI: Texture pool is 5655 MB (70% of 8079 MB)
[2020.07.11-17.14.09:266][  0]LogD3D11RHI: Async texture creation enabled
[2020.07.11-17.14.09:297][  0]LogD3D11RHI: GPU Timing Frequency: 1000.000000 (Debug: 2 1)
[2020.07.11-17.14.09:788][  0]LogTemp: Display: Module 'AllDesktopTargetPlatform' loaded TargetPlatform 'AllDesktop'
[2020.07.11-17.14.09:798][  0]LogTemp: Display: Module 'MacClientTargetPlatform' loaded TargetPlatform 'MacClient'
[2020.07.11-17.14.09:809][  0]LogTemp: Display: Module 'MacNoEditorTargetPlatform' loaded TargetPlatform 'MacNoEditor'
[2020.07.11-17.14.09:819][  0]LogTemp: Display: Module 'MacServerTargetPlatform' loaded TargetPlatform 'MacServer'
[2020.07.11-17.14.09:829][  0]LogTemp: Display: Module 'MacTargetPlatform' loaded TargetPlatform 'Mac'
[2020.07.11-17.14.09:838][  0]LogTemp: Display: Module 'WindowsClientTargetPlatform' loaded TargetPlatform 'WindowsClient'
[2020.07.11-17.14.09:848][  0]LogTemp: Display: Module 'WindowsNoEditorTargetPlatform' loaded TargetPlatform 'WindowsNoEditor'
[2020.07.11-17.14.09:861][  0]LogTemp: Display: Module 'WindowsServerTargetPlatform' loaded TargetPlatform 'WindowsServer'
[2020.07.11-17.14.09:866][  0]LogTemp: Display: Module 'WindowsTargetPlatform' loaded TargetPlatform 'Windows'
[2020.07.11-17.14.09:908][  0]LogTemp: Display: Module 'AndroidTargetPlatform' loaded TargetPlatform 'Android'
[2020.07.11-17.14.09:908][  0]LogTemp: Display: Module 'AndroidTargetPlatform' loaded TargetPlatform 'Android_ASTC'
[2020.07.11-17.14.09:908][  0]LogTemp: Display: Module 'AndroidTargetPlatform' loaded TargetPlatform 'Android_ATC'
[2020.07.11-17.14.09:908][  0]LogTemp: Display: Module 'AndroidTargetPlatform' loaded TargetPlatform 'Android_DXT'
[2020.07.11-17.14.09:908][  0]LogTemp: Display: Module 'AndroidTargetPlatform' loaded TargetPlatform 'Android_ETC1'
[2020.07.11-17.14.09:908][  0]LogTemp: Display: Module 'AndroidTargetPlatform' loaded TargetPlatform 'Android_ETC1a'
[2020.07.11-17.14.09:908][  0]LogTemp: Display: Module 'AndroidTargetPlatform' loaded TargetPlatform 'Android_ETC2'
[2020.07.11-17.14.09:908][  0]LogTemp: Display: Module 'AndroidTargetPlatform' loaded TargetPlatform 'Android_PVRTC'
[2020.07.11-17.14.09:909][  0]LogTemp: Display: Module 'AndroidTargetPlatform' loaded TargetPlatform 'AndroidClient'
[2020.07.11-17.14.09:909][  0]LogTemp: Display: Module 'AndroidTargetPlatform' loaded TargetPlatform 'Android_ASTCClient'
[2020.07.11-17.14.09:909][  0]LogTemp: Display: Module 'AndroidTargetPlatform' loaded TargetPlatform 'Android_ATCClient'
[2020.07.11-17.14.09:909][  0]LogTemp: Display: Module 'AndroidTargetPlatform' loaded TargetPlatform 'Android_DXTClient'
[2020.07.11-17.14.09:909][  0]LogTemp: Display: Module 'AndroidTargetPlatform' loaded TargetPlatform 'Android_ETC1Client'
[2020.07.11-17.14.09:909][  0]LogTemp: Display: Module 'AndroidTargetPlatform' loaded TargetPlatform 'Android_ETC1aClient'
[2020.07.11-17.14.09:909][  0]LogTemp: Display: Module 'AndroidTargetPlatform' loaded TargetPlatform 'Android_ETC2Client'
[2020.07.11-17.14.09:909][  0]LogTemp: Display: Module 'AndroidTargetPlatform' loaded TargetPlatform 'Android_PVRTCClient'
[2020.07.11-17.14.09:909][  0]LogTemp: Display: Module 'AndroidTargetPlatform' loaded TargetPlatform 'Android_Multi'
[2020.07.11-17.14.09:909][  0]LogTemp: Display: Module 'AndroidTargetPlatform' loaded TargetPlatform 'Android_MultiClient'
[2020.07.11-17.14.09:911][  0]LogTemp: Display: Module 'HTML5TargetPlatform' loaded TargetPlatform 'HTML5'
[2020.07.11-17.14.09:933][  0]LogTemp: Display: Module 'IOSTargetPlatform' loaded TargetPlatform 'IOSClient'
[2020.07.11-17.14.09:933][  0]LogTemp: Display: Module 'IOSTargetPlatform' loaded TargetPlatform 'IOS'
[2020.07.11-17.14.09:951][  0]LogTemp: Display: Module 'TVOSTargetPlatform' loaded TargetPlatform 'TVOSClient'
[2020.07.11-17.14.09:951][  0]LogTemp: Display: Module 'TVOSTargetPlatform' loaded TargetPlatform 'TVOS'
[2020.07.11-17.14.09:960][  0]LogTemp: Display: Module 'LinuxClientTargetPlatform' loaded TargetPlatform 'LinuxClient'
[2020.07.11-17.14.09:969][  0]LogTemp: Display: Module 'LinuxNoEditorTargetPlatform' loaded TargetPlatform 'LinuxNoEditor'
[2020.07.11-17.14.09:977][  0]LogTemp: Display: Module 'LinuxServerTargetPlatform' loaded TargetPlatform 'LinuxServer'
[2020.07.11-17.14.09:987][  0]LogTemp: Display: Module 'LinuxTargetPlatform' loaded TargetPlatform 'Linux'
[2020.07.11-17.14.10:016][  0]LogTemp: Display: Module 'LuminTargetPlatform' loaded TargetPlatform 'Lumin'
[2020.07.11-17.14.10:016][  0]LogTemp: Display: Module 'LuminTargetPlatform' loaded TargetPlatform 'LuminClient'
[2020.07.11-17.14.10:016][  0]LogTargetPlatformManager: Display: Building Assets For Windows
[2020.07.11-17.14.10:028][  0]LogAudioDebug: Display: Lib vorbis DLL was dynamically loaded.
[2020.07.11-17.14.10:083][  0]LogShaderCompilers: Guid format shader working directory is 9 characters bigger than the processId version (D:/Projects/Game/GMTK-Jam-2020/FireManThing/Intermediate/Shaders/WorkingDirectory/12812/).
[2020.07.11-17.14.10:083][  0]LogShaderCompilers: Cleaned the shader compiler working directory 'C:/Users/User.USER-PC/AppData/Local/Temp/UnrealShaderWorkingDir/653A58B346346A1593E8A4BCC5245918/'.
[2020.07.11-17.14.10:085][  0]LogXGEController: Cleaning working directory: C:/Users/User.USER-PC/AppData/Local/Temp/UnrealXGEWorkingDir/
[2020.07.11-17.14.10:085][  0]LogXGEController: Cannot use XGE Controller as Incredibuild is not installed on this machine.
[2020.07.11-17.14.10:085][  0]LogShaderCompilers: Cannot use XGE Shader Compiler as Incredibuild is not installed on this machine.
[2020.07.11-17.14.10:085][  0]LogShaderCompilers: Display: Using Local Shader Compiler.
[2020.07.11-17.14.10:881][  0]LogDerivedDataCache: Display: Max Cache Size: 512 MB
[2020.07.11-17.14.10:941][  0]LogDerivedDataCache: Loaded boot cache 0.06s 73MB C:/Users/User.USER-PC/AppData/Local/UnrealEngine/4.23/DerivedDataCache/Boot.ddc.
[2020.07.11-17.14.10:941][  0]LogDerivedDataCache: Display: Loaded Boot cache: C:/Users/User.USER-PC/AppData/Local/UnrealEngine/4.23/DerivedDataCache/Boot.ddc
[2020.07.11-17.14.10:941][  0]LogDerivedDataCache: FDerivedDataBackendGraph:  Pak pak cache file D:/Projects/Game/GMTK-Jam-2020/FireManThing/DerivedDataCache/DDC.ddp not found, will not use a pak cache.
[2020.07.11-17.14.10:941][  0]LogDerivedDataCache: Unable to find inner node Pak for hierarchical cache Hierarchy.
[2020.07.11-17.14.10:941][  0]LogDerivedDataCache: FDerivedDataBackendGraph:  CompressedPak pak cache file D:/Projects/Game/GMTK-Jam-2020/FireManThing/DerivedDataCache/Compressed.ddp not found, will not use a pak cache.
[2020.07.11-17.14.10:941][  0]LogDerivedDataCache: Unable to find inner node CompressedPak for hierarchical cache Hierarchy.
[2020.07.11-17.14.10:955][  0]LogDerivedDataCache: Display: Pak cache opened for reading ../../../Engine/DerivedDataCache/Compressed.ddp.
[2020.07.11-17.14.10:956][  0]LogDerivedDataCache: FDerivedDataBackendGraph:  EnterprisePak pak cache file ../../../Enterprise/DerivedDataCache/Compressed.ddp not found, will not use a pak cache.
[2020.07.11-17.14.10:956][  0]LogDerivedDataCache: Unable to find inner node EnterprisePak for hierarchical cache Hierarchy.
[2020.07.11-17.14.10:957][  0]LogDerivedDataCache: Using Local data cache path C:/Users/User.USER-PC/AppData/Local/UnrealEngine/Common/DerivedDataCache: Writable
[2020.07.11-17.14.10:957][  0]LogDerivedDataCache: Shared data cache path not found in *engine.ini, will not use an Shared cache.
[2020.07.11-17.14.10:957][  0]LogDerivedDataCache: Unable to find inner node Shared for hierarchical cache Hierarchy.
[2020.07.11-17.14.10:979][  0]LogMaterial: Verifying Global Shaders for PCD3D_SM5
[2020.07.11-17.14.10:986][  0]LogSlate: Using FreeType 2.6.0
[2020.07.11-17.14.10:986][  0]LogSlate: SlateFontServices - WITH_FREETYPE: 1, WITH_HARFBUZZ: 1
[2020.07.11-17.14.11:072][  0]LogAssetRegistry: FAssetRegistry took 0.0030 seconds to start up
[2020.07.11-17.14.11:392][  0]LogInit: Selected Device Profile: [Windows]
[2020.07.11-17.14.11:570][  0]LogMeshReduction: Using QuadricMeshReduction for automatic static mesh reduction
[2020.07.11-17.14.11:570][  0]LogMeshReduction: Using SimplygonMeshReduction for automatic skeletal mesh reduction
[2020.07.11-17.14.11:570][  0]LogMeshReduction: Using ProxyLODMeshReduction for automatic mesh merging
[2020.07.11-17.14.11:570][  0]LogMeshReduction: No distributed automatic mesh merging module available
[2020.07.11-17.14.11:570][  0]LogMeshMerging: No distributed automatic mesh merging module available
[2020.07.11-17.14.11:582][  0]LogNetVersion: FireManThing 1.0.0, NetCL: 8386587, EngineNetVer: 11, GameNetVer: 0 (Checksum: 4084818342)
[2020.07.11-17.14.12:102][  0]LogPackageLocalizationCache: Processed 12 localized package path(s) for 1 prioritized culture(s) in 0.060699 seconds
[2020.07.11-17.14.12:111][  0]LogUObjectArray: 43444 objects as part of root set at end of initial load.
[2020.07.11-17.14.12:111][  0]LogUObjectAllocator: 7548648 out of 0 bytes used by permanent object pool.
[2020.07.11-17.14.12:111][  0]LogUObjectArray: CloseDisregardForGC: 0/0 objects in disregard for GC pool
[2020.07.11-17.14.13:345][  0]LogTcpMessaging: Initializing TcpMessaging bridge
[2020.07.11-17.14.13:349][  0]LogUdpMessaging: Initializing bridge on interface 0.0.0.0:0 to multicast group 230.0.0.1:6666.
[2020.07.11-17.14.13:427][  0]SourceControl: Source control is disabled
[2020.07.11-17.14.13:427][  0]SourceControl: Source control is disabled
[2020.07.11-17.14.13:429][  0]SourceControl: Source control is disabled
[2020.07.11-17.14.13:431][  0]SourceControl: Source control is disabled
[2020.07.11-17.14.13:554][  0]LogAndroidPermission: UAndroidPermissionCallbackProxy::GetInstance
[2020.07.11-17.14.13:742][  0]LogOcInput: OculusInput pre-init called
[2020.07.11-17.14.13:751][  0]LogWindows: Failed to load 'OVRPlugin.dll' (GetLastError=126)
[2020.07.11-17.14.13:751][  0]LogWindows: File 'OVRPlugin.dll' does not exist
[2020.07.11-17.14.13:834][  0]LogEngine: Initializing Engine...
[2020.07.11-17.14.13:836][  0]LogHMD: Failed to initialize OpenVR with code 110
[2020.07.11-17.14.13:837][  0]LogStats: UGameplayTagsManager::InitializeManager -  0.000 s
[2020.07.11-17.14.14:113][  0]LogInit: Initializing FReadOnlyCVARCache
[2020.07.11-17.14.14:126][  0]LogAIModule: Creating AISystem for world Untitled
[2020.07.11-17.14.14:157][  0]LogInit: XAudio2 using 'Speakers (Realtek High Definition Audio)' : 2 channels at 48 kHz using 32 bits per sample (channel mask 0x3)
[2020.07.11-17.14.14:191][  0]LogInit: FAudioDevice initialized.
[2020.07.11-17.14.14:191][  0]LogNetVersion: Set ProjectVersion to 1.0.0.0. Version Checksum will be recalculated on next use.
[2020.07.11-17.14.14:463][  0]LogDerivedDataCache: Saved boot cache 0.27s 73MB C:/Users/User.USER-PC/AppData/Local/UnrealEngine/4.23/DerivedDataCache/Boot.ddc.
[2020.07.11-17.14.14:472][  0]LogInit: Texture streaming: Enabled
[2020.07.11-17.14.14:492][  0]LogEngineSessionManager: EngineSessionManager initialized
[2020.07.11-17.14.14:492][  0]LogEditorSessionSummary: Verbose: Initializing EditorSessionSummaryWriter for editor session tracking
[2020.07.11-17.14.14:494][  0]LogEditorSessionSummary: EditorSessionSummaryWriter initialized
[2020.07.11-17.14.14:562][  0]LogInit: Transaction tracking system initialized
[2020.07.11-17.14.14:593][  0]BlueprintLog: New page: Editor Load
[2020.07.11-17.14.14:673][  0]LocalizationService: Localization service is disabled
[2020.07.11-17.14.14:949][  0]LogCook: Display: Max memory allowance for cook 16384mb min free memory 0mb
[2020.07.11-17.14.14:949][  0]LogCook: Display: Mobile HDR setting 1
[2020.07.11-17.14.15:172][  0]LogFileCache: Scanning file cache for directory 'D:/Projects/Game/GMTK-Jam-2020/FireManThing/Content/' took 0.01s
[2020.07.11-17.14.15:172][  0]SourceControl: Source control is disabled
[2020.07.11-17.14.15:172][  0]Cmd: MAP LOAD FILE="D:/Projects/Game/GMTK-Jam-2020/FireManThing/Content/FirstPersonBP/Maps/FirstPersonExampleMap.umap" TEMPLATE=0 SHOWPROGRESS=1 FEATURELEVEL=3
[2020.07.11-17.14.15:173][  0]LightingResults: New page: Lighting Build
[2020.07.11-17.14.15:175][  0]LogWorld: UWorld::CleanupWorld for Untitled, bSessionEnded=true, bCleanupResources=true
[2020.07.11-17.14.15:175][  0]MapCheck: New page: Map Check
[2020.07.11-17.14.15:175][  0]LightingResults: New page: Lighting Build
[2020.07.11-17.14.15:205][  0]LogUObjectHash: Compacting FUObjectHashTables data took   2.21ms
[2020.07.11-17.14.15:758][  0]LogAIModule: Creating AISystem for world FirstPersonExampleMap
[2020.07.11-17.14.15:778][  0]LogEditorServer: Finished looking for orphan Actors (0.000 secs)
[2020.07.11-17.14.15:813][  0]LogUObjectHash: Compacting FUObjectHashTables data took   2.86ms
[2020.07.11-17.14.15:813][  0]Cmd: MAP CHECKDEP NOCLEARLOG
[2020.07.11-17.14.15:814][  0]MapCheck: Map check complete: 0 Error(s), 0 Warning(s), took 0.116ms to complete.
[2020.07.11-17.14.15:814][  0]LogFileHelpers: Loading map 'FirstPersonExampleMap' took 0.642
[2020.07.11-17.14.15:943][  0]LogSlate: Updating window title bar state: overlay mode, drag disabled, window buttons hidden, title bar hidden
[2020.07.11-17.14.15:952][  0]LogSlate: Updating window title bar state: overlay mode, drag disabled, window buttons hidden, title bar hidden
[2020.07.11-17.14.15:962][  0]LogSlate: Updating window title bar state: overlay mode, drag disabled, window buttons hidden, title bar hidden
[2020.07.11-17.14.15:970][  0]LogSlate: Updating window title bar state: overlay mode, drag disabled, window buttons hidden, title bar hidden
[2020.07.11-17.14.15:976][  0]LogCollectionManager: Loaded 0 collections in 0.001590 seconds
[2020.07.11-17.14.15:984][  0]LogFileCache: Scanning file cache for directory 'D:/Projects/Game/GMTK-Jam-2020/FireManThing/Saved/Collections/' took 0.00s
[2020.07.11-17.14.15:984][  0]LogFileCache: Scanning file cache for directory 'D:/Projects/Game/GMTK-Jam-2020/FireManThing/Content/Developers/User/Collections/' took 0.00s
[2020.07.11-17.14.15:984][  0]LogFileCache: Scanning file cache for directory 'D:/Projects/Game/GMTK-Jam-2020/FireManThing/Content/Collections/' took 0.00s
[2020.07.11-17.14.15:984][  0]LogCollectionManager: Rebuilt the GUID cache for 0 collections in 0.000002 seconds
[2020.07.11-17.14.15:994][  0]LogContentBrowser: Native class hierarchy populated in 0.0097 seconds. Added 2863 classes and 680 folders.
[2020.07.11-17.14.16:000][  0]LogContentBrowser: Native class hierarchy updated for 'WidgetCarousel' in 0.0005 seconds. Added 0 classes and 0 folders.
[2020.07.11-17.14.16:088][  0]LogContentBrowser: Native class hierarchy updated for 'AddContentDialog' in 0.0003 seconds. Added 0 classes and 0 folders.
[2020.07.11-17.14.16:093][  0]LogContentBrowser: Native class hierarchy updated for 'SceneOutliner' in 0.0005 seconds. Added 1 classes and 2 folders.
[2020.07.11-17.14.16:108][  0]LogSlate: Took 0.000287 seconds to synchronously load lazily loaded font '../../../Engine/Content/Slate/Fonts/Roboto-Regular.ttf' (155K)
[2020.07.11-17.14.16:110][  0]LogSlate: Took 0.000229 seconds to synchronously load lazily loaded font '../../../Engine/Content/Slate/Fonts/Roboto-Bold.ttf' (160K)
[2020.07.11-17.14.16:115][  0]LogSlate: Took 0.000329 seconds to synchronously load lazily loaded font '../../../Engine/Content/Editor/Slate/Fonts/FontAwesome.ttf' (139K)
[2020.07.11-17.14.16:190][  0]LogRenderer: Reallocating scene render targets to support 1208x572 Format 10 NumSamples 1 (Frame:1).
[2020.07.11-17.14.16:313][  0]LogContentBrowser: Native class hierarchy updated for 'HierarchicalLODOutliner' in 0.0003 seconds. Added 0 classes and 0 folders.
[2020.07.11-17.14.16:313][  0]LogLoad: (Engine Initialization) Total time: 9.96 seconds
[2020.07.11-17.14.16:313][  0]LogLoad: (Engine Initialization) Total Blueprint compile time: 0.00 seconds
[2020.07.11-17.14.16:373][  0]LogContentStreaming: Texture pool size now 1000 MB
[2020.07.11-17.14.16:407][  0]LogSlate: Took 0.000331 seconds to synchronously load lazily loaded font '../../../Engine/Content/Slate/Fonts/Roboto-Light.ttf' (167K)
[2020.07.11-17.14.16:441][  1]LogAssetRegistry: Asset discovery search completed in 5.3691 seconds
[2020.07.11-17.14.16:449][  1]LogCollectionManager: Rebuilt the object cache for 0 collections in 0.000011 seconds (found 0 objects)
[2020.07.11-17.14.16:449][  1]LogCollectionManager: Fixed up redirectors for 0 collections in 0.000113 seconds (updated 0 objects)
[2020.07.11-17.14.20:563][468]LogSlate: FSceneViewport::OnFocusLost() reason 0
[2020.07.11-17.14.22:282][661]LogSlate: Took 0.000320 seconds to synchronously load lazily loaded font '../../../Engine/Content/Slate/Fonts/Roboto-Light.ttf' (167K)
[2020.07.11-17.14.22:344][661]LogAIModule: Creating AISystem for world Base-map
[2020.07.11-17.14.22:366][661]LogAssetEditorManager: Opening Asset editor for World /Game/FirstPersonBP/Maps/Base-map.Base-map
[2020.07.11-17.14.22:394][661]LogUObjectHash: Compacting FUObjectHashTables data took   1.75ms
[2020.07.11-17.14.22:395][661]Cmd: MAP LOAD FILE="D:/Projects/Game/GMTK-Jam-2020/FireManThing/Content/FirstPersonBP/Maps/Base-map.umap" TEMPLATE=0 SHOWPROGRESS=1 FEATURELEVEL=3
[2020.07.11-17.14.22:395][661]LightingResults: New page: Lighting Build
[2020.07.11-17.14.22:396][661]LoadErrors: New page: Loading map: Base-map.umap
[2020.07.11-17.14.22:396][661]LogWorld: UWorld::CleanupWorld for FirstPersonExampleMap, bSessionEnded=true, bCleanupResources=true
[2020.07.11-17.14.22:397][661]MapCheck: New page: Map Check
[2020.07.11-17.14.22:397][661]LightingResults: New page: Lighting Build
[2020.07.11-17.14.22:426][661]LogUObjectHash: Compacting FUObjectHashTables data took   2.53ms
[2020.07.11-17.14.22:446][661]LogEditorServer: Finished looking for orphan Actors (0.000 secs)
[2020.07.11-17.14.22:478][661]LogUObjectHash: Compacting FUObjectHashTables data took   2.29ms
[2020.07.11-17.14.22:511][661]Cmd: MAP CHECKDEP NOCLEARLOG
[2020.07.11-17.14.22:512][661]MapCheck: Map check complete: 0 Error(s), 0 Warning(s), took 0.095ms to complete.
[2020.07.11-17.14.22:512][661]LogFileHelpers: Loading map 'Base-map' took 0.118
[2020.07.11-17.18.26:286][858]LogAssetEditorManager: Opening Asset editor for Blueprint /Game/FirstPersonBP/Blueprints/FirstPersonCharacter.FirstPersonCharacter
[2020.07.11-17.18.26:568][858]LogContentBrowser: Native class hierarchy updated for 'BlueprintGraph' in 0.0007 seconds. Added 121 classes and 0 folders.
[2020.07.11-17.18.27:608][858]LogSlate: Took 0.000348 seconds to synchronously load lazily loaded font '../../../Engine/Content/Slate/Fonts/Roboto-BoldCondensed.ttf' (158K)
[2020.07.11-17.18.27:683][859]LogSlate: Took 0.000423 seconds to synchronously load lazily loaded font '../../../Engine/Content/Slate/Fonts/Roboto-Italic.ttf' (157K)
[2020.07.11-17.18.44:595][121]LogSlate: FSceneViewport::OnFocusLost() reason 0
[2020.07.11-17.18.44:656][127]BlueprintLog: New page: Compile FirstPersonCharacter
[2020.07.11-17.18.44:672][127]LogBlueprint: Error: [Compiler FirstPersonCharacter] This blueprint (self) is not a SceneComponent, therefore ' Target ' must have a connection.
[2020.07.11-17.18.44:927][127]LogUObjectHash: Compacting FUObjectHashTables data took   4.73ms
[2020.07.11-17.18.45:450][154]LogSavePackage: Moving 'D:/Projects/Game/GMTK-Jam-2020/FireManThing/Saved/FirstPersonCharacterE5CBEBD342284C869B0EB1AF2AA06D0F.tmp' to 'D:/Projects/Game/GMTK-Jam-2020/FireManThing/Content/FirstPersonBP/Blueprints/FirstPersonCharacter.uasset'
[2020.07.11-17.19.30:021][699]BlueprintLog: New page: Compile FirstPersonCharacter
[2020.07.11-17.19.30:263][699]LogUObjectHash: Compacting FUObjectHashTables data took   4.84ms
[2020.07.11-17.19.30:962][727]LogSavePackage: Moving 'D:/Projects/Game/GMTK-Jam-2020/FireManThing/Saved/FirstPersonCharacter9BDC4157459A7442C27C2B9EE0EA2F33.tmp' to 'D:/Projects/Game/GMTK-Jam-2020/FireManThing/Content/FirstPersonBP/Blueprints/FirstPersonCharacter.uasset'
[2020.07.11-17.19.44:615][725]LogEditorTransaction: Undo Delete current selection
[2020.07.11-17.19.45:811][786]BlueprintLog: New page: Compile FirstPersonCharacter
[2020.07.11-17.19.46:073][786]LogUObjectHash: Compacting FUObjectHashTables data took   4.89ms
[2020.07.11-17.19.46:838][819]LogSavePackage: Moving 'D:/Projects/Game/GMTK-Jam-2020/FireManThing/Saved/FirstPersonCharacter2A51ABAA49FDA2057D4C0EB0527DC459.tmp' to 'D:/Projects/Game/GMTK-Jam-2020/FireManThing/Content/FirstPersonBP/Blueprints/FirstPersonCharacter.uasset'
[2020.07.11-17.19.56:828][659]LogSlate: FSceneViewport::OnFocusLost() reason 0
[2020.07.11-17.21.06:046][ 50]BlueprintLog: New page: Compile FirstPersonCharacter
[2020.07.11-17.21.06:298][ 50]LogUObjectHash: Compacting FUObjectHashTables data took   4.73ms
[2020.07.11-17.21.06:938][ 76]LogSavePackage: Moving 'D:/Projects/Game/GMTK-Jam-2020/FireManThing/Saved/FirstPersonCharacter06F6BDFA4884304EB2FE6786D6FB5A7B.tmp' to 'D:/Projects/Game/GMTK-Jam-2020/FireManThing/Content/FirstPersonBP/Blueprints/FirstPersonCharacter.uasset'
[2020.07.11-17.21.32:347][275]BlueprintLog: New page: Compile FirstPersonCharacter
[2020.07.11-17.21.32:606][275]LogUObjectHash: Compacting FUObjectHashTables data took   5.09ms
[2020.07.11-17.21.35:129][443]LogSavePackage: Moving 'D:/Projects/Game/GMTK-Jam-2020/FireManThing/Saved/FirstPersonCharacterED8CE2884DA2B9570E10E8ACDA4584D5.tmp' to 'D:/Projects/Game/GMTK-Jam-2020/FireManThing/Content/FirstPersonBP/Blueprints/FirstPersonCharacter.uasset'
[2020.07.11-17.21.39:150][784]LogTemp: Repeating last play command: Selected Viewport
[2020.07.11-17.21.39:169][784]LogBlueprintUserMessages: Early PlayInEditor Detection: Level '/Game/FirstPersonBP/Maps/Base-map.Base-map:PersistentLevel' has LevelScriptBlueprint '/Game/FirstPersonBP/Maps/Base-map.Base-map:PersistentLevel.Base-map' with GeneratedClass '/Game/FirstPersonBP/Maps/Base-map.Base-map_C' with ClassGeneratedBy '/Game/FirstPersonBP/Maps/Base-map.Base-map:PersistentLevel.Base-map'
[2020.07.11-17.21.39:169][784]LogPlayLevel: PlayLevel: No blueprints needed recompiling
[2020.07.11-17.21.39:169][784]PIE: New page: PIE session: Base-map (11 Jul 2020 19:21:39)
[2020.07.11-17.21.39:171][784]LogOnline: OSS: Creating online subsystem instance for: NULL
[2020.07.11-17.21.39:172][784]LogPlayLevel: Creating play world package: /Game/FirstPersonBP/Maps/UEDPIE_0_Base-map
[2020.07.11-17.21.39:198][784]LogPlayLevel: PIE: StaticDuplicateObject took: (0.025942s)
[2020.07.11-17.21.39:199][784]LogAIModule: Creating AISystem for world Base-map
[2020.07.11-17.21.39:199][784]LogPlayLevel: PIE: World Init took: (0.001329s)
[2020.07.11-17.21.39:199][784]LogPlayLevel: PIE: Created PIE world by copying editor world from /Game/FirstPersonBP/Maps/Base-map.Base-map to /Game/FirstPersonBP/Maps/UEDPIE_0_Base-map.Base-map (0.027568s)
[2020.07.11-17.21.39:241][784]LogUObjectHash: Compacting FUObjectHashTables data took   5.48ms
[2020.07.11-17.21.39:257][784]LogInit: XAudio2 using 'Speakers (Realtek High Definition Audio)' : 2 channels at 48 kHz using 32 bits per sample (channel mask 0x3)
[2020.07.11-17.21.39:286][784]LogInit: FAudioDevice initialized.
[2020.07.11-17.21.39:297][784]LogLoad: Game class is 'FirstPersonGameMode_C'
[2020.07.11-17.21.39:305][784]LogWorld: Bringing World /Game/FirstPersonBP/Maps/UEDPIE_0_Base-map.Base-map up for play (max tick rate 0) at 2020.07.11-18.21.39
[2020.07.11-17.21.39:309][784]LogWorld: Bringing up level for play took: 0.011171
[2020.07.11-17.21.39:309][784]LogOnline: OSS: Creating online subsystem instance for: :Context_11
[2020.07.11-17.21.39:321][784]LogContentBrowser: Native class hierarchy updated for 'MovieSceneCapture' in 0.0006 seconds. Added 20 classes and 0 folders.
[2020.07.11-17.21.39:664][784]PIE: Play in editor start time for /Game/FirstPersonBP/Maps/UEDPIE_0_Base-map 0.338
[2020.07.11-17.21.39:664][784]LogBlueprintUserMessages: Late PlayInEditor Detection: Level '/Game/FirstPersonBP/Maps/Base-map.Base-map:PersistentLevel' has LevelScriptBlueprint '/Game/FirstPersonBP/Maps/Base-map.Base-map:PersistentLevel.Base-map' with GeneratedClass '/Game/FirstPersonBP/Maps/Base-map.Base-map_C' with ClassGeneratedBy '/Game/FirstPersonBP/Maps/Base-map.Base-map:PersistentLevel.Base-map'
[2020.07.11-17.21.43:883][205]LogBlueprintUserMessages: Early EndPlayMap Detection: Level '/Game/FirstPersonBP/Maps/Base-map.Base-map:PersistentLevel' has LevelScriptBlueprint '/Game/FirstPersonBP/Maps/Base-map.Base-map:PersistentLevel.Base-map' with GeneratedClass '/Game/FirstPersonBP/Maps/Base-map.Base-map_C' with ClassGeneratedBy '/Game/FirstPersonBP/Maps/Base-map.Base-map:PersistentLevel.Base-map'
[2020.07.11-17.21.43:885][205]LogSlate: Updating window title bar state: overlay mode, drag disabled, window buttons hidden, title bar hidden
[2020.07.11-17.21.43:885][205]LogWorld: BeginTearingDown for /Game/FirstPersonBP/Maps/UEDPIE_0_Base-map
[2020.07.11-17.21.43:885][205]LogWorld: UWorld::CleanupWorld for Base-map, bSessionEnded=true, bCleanupResources=true
[2020.07.11-17.21.43:912][205]LogPlayLevel: Display: Shutting down PIE online subsystems
[2020.07.11-17.21.43:912][205]LogBlueprintUserMessages: Late EndPlayMap Detection: Level '/Game/FirstPersonBP/Maps/Base-map.Base-map:PersistentLevel' has LevelScriptBlueprint '/Game/FirstPersonBP/Maps/Base-map.Base-map:PersistentLevel.Base-map' with GeneratedClass '/Game/FirstPersonBP/Maps/Base-map.Base-map_C' with ClassGeneratedBy '/Game/FirstPersonBP/Maps/Base-map.Base-map:PersistentLevel.Base-map'
[2020.07.11-17.21.43:965][205]LogSlate: Updating window title bar state: overlay mode, drag disabled, window buttons hidden, title bar hidden
[2020.07.11-17.21.43:995][205]LogUObjectHash: Compacting FUObjectHashTables data took   5.48ms
[2020.07.11-17.21.44:016][206]LogPlayLevel: Display: Destroying online subsystem :Context_11
[2020.07.11-17.21.51:268][967]LogSlate: FSceneViewport::OnFocusLost() reason 0
[2020.07.11-17.21.51:313][972]LogTemp: Repeating last play command: Selected Viewport
[2020.07.11-17.21.51:332][972]LogBlueprintUserMessages: Early PlayInEditor Detection: Level '/Game/FirstPersonBP/Maps/Base-map.Base-map:PersistentLevel' has LevelScriptBlueprint '/Game/FirstPersonBP/Maps/Base-map.Base-map:PersistentLevel.Base-map' with GeneratedClass '/Game/FirstPersonBP/Maps/Base-map.Base-map_C' with ClassGeneratedBy '/Game/FirstPersonBP/Maps/Base-map.Base-map:PersistentLevel.Base-map'
[2020.07.11-17.21.51:332][972]LogPlayLevel: PlayLevel: No blueprints needed recompiling
[2020.07.11-17.21.51:332][972]PIE: New page: PIE session: Base-map (11 Jul 2020 19:21:51)
[2020.07.11-17.21.51:333][972]LogPlayLevel: Creating play world package: /Game/FirstPersonBP/Maps/UEDPIE_0_Base-map
[2020.07.11-17.21.51:355][972]LogPlayLevel: PIE: StaticDuplicateObject took: (0.022625s)
[2020.07.11-17.21.51:357][972]LogAIModule: Creating AISystem for world Base-map
[2020.07.11-17.21.51:357][972]LogPlayLevel: PIE: World Init took: (0.001864s)
[2020.07.11-17.21.51:357][972]LogPlayLevel: PIE: Created PIE world by copying editor world from /Game/FirstPersonBP/Maps/Base-map.Base-map to /Game/FirstPersonBP/Maps/UEDPIE_0_Base-map.Base-map (0.024659s)
[2020.07.11-17.21.51:410][972]LogUObjectHash: Compacting FUObjectHashTables data took   4.39ms
[2020.07.11-17.21.51:424][972]LogInit: XAudio2 using 'Speakers (Realtek High Definition Audio)' : 2 channels at 48 kHz using 32 bits per sample (channel mask 0x3)
[2020.07.11-17.21.51:448][972]LogInit: FAudioDevice initialized.
[2020.07.11-17.21.51:456][972]LogLoad: Game class is 'FirstPersonGameMode_C'
[2020.07.11-17.21.51:464][972]LogWorld: Bringing World /Game/FirstPersonBP/Maps/UEDPIE_0_Base-map.Base-map up for play (max tick rate 0) at 2020.07.11-18.21.51
[2020.07.11-17.21.51:468][972]LogWorld: Bringing up level for play took: 0.011014
[2020.07.11-17.21.51:468][972]LogOnline: OSS: Creating online subsystem instance for: :Context_12
[2020.07.11-17.21.51:472][972]PIE: Play in editor start time for /Game/FirstPersonBP/Maps/UEDPIE_0_Base-map 0.145
[2020.07.11-17.21.51:472][972]LogBlueprintUserMessages: Late PlayInEditor Detection: Level '/Game/FirstPersonBP/Maps/Base-map.Base-map:PersistentLevel' has LevelScriptBlueprint '/Game/FirstPersonBP/Maps/Base-map.Base-map:PersistentLevel.Base-map' with GeneratedClass '/Game/FirstPersonBP/Maps/Base-map.Base-map_C' with ClassGeneratedBy '/Game/FirstPersonBP/Maps/Base-map.Base-map:PersistentLevel.Base-map'
[2020.07.11-17.22.06:200][603]LogBlueprintUserMessages: Early EndPlayMap Detection: Level '/Game/FirstPersonBP/Maps/Base-map.Base-map:PersistentLevel' has LevelScriptBlueprint '/Game/FirstPersonBP/Maps/Base-map.Base-map:PersistentLevel.Base-map' with GeneratedClass '/Game/FirstPersonBP/Maps/Base-map.Base-map_C' with ClassGeneratedBy '/Game/FirstPersonBP/Maps/Base-map.Base-map:PersistentLevel.Base-map'
[2020.07.11-17.22.06:201][603]LogSlate: Updating window title bar state: overlay mode, drag disabled, window buttons hidden, title bar hidden
[2020.07.11-17.22.06:201][603]LogWorld: BeginTearingDown for /Game/FirstPersonBP/Maps/UEDPIE_0_Base-map
[2020.07.11-17.22.06:201][603]LogWorld: UWorld::CleanupWorld for Base-map, bSessionEnded=true, bCleanupResources=true
[2020.07.11-17.22.06:214][603]LogPlayLevel: Display: Shutting down PIE online subsystems
[2020.07.11-17.22.06:214][603]LogBlueprintUserMessages: Late EndPlayMap Detection: Level '/Game/FirstPersonBP/Maps/Base-map.Base-map:PersistentLevel' has LevelScriptBlueprint '/Game/FirstPersonBP/Maps/Base-map.Base-map:PersistentLevel.Base-map' with GeneratedClass '/Game/FirstPersonBP/Maps/Base-map.Base-map_C' with ClassGeneratedBy '/Game/FirstPersonBP/Maps/Base-map.Base-map:PersistentLevel.Base-map'
[2020.07.11-17.22.06:263][603]LogSlate: Updating window title bar state: overlay mode, drag disabled, window buttons hidden, title bar hidden
[2020.07.11-17.22.06:269][603]LogUObjectHash: Compacting FUObjectHashTables data took   3.62ms
[2020.07.11-17.22.06:324][605]LogPlayLevel: Display: Destroying online subsystem :Context_12
[2020.07.11-17.22.45:970][ 18]LogSlate: FSceneViewport::OnFocusLost() reason 0
[2020.07.11-17.23.17:264][260]LogEditorSessionSummary: EditorSessionSummary sent report. Type=Shutdown, SessionId={056E37E7-42CF-BCE3-8787-B7B1B8DB537E}
[2020.07.11-17.26.30:506][677]LogEditorTransaction: Undo Straighten Connection(s)
[2020.07.11-17.31.21:830][161]BlueprintLog: New page: Compile FirstPersonCharacter
[2020.07.11-17.31.22:156][161]LogUObjectHash: Compacting FUObjectHashTables data took   6.75ms
[2020.07.11-17.31.22:955][196]LogSavePackage: Moving 'D:/Projects/Game/GMTK-Jam-2020/FireManThing/Saved/FirstPersonCharacter027EBD2D4752A7643E3FB49200E2E767.tmp' to 'D:/Projects/Game/GMTK-Jam-2020/FireManThing/Content/FirstPersonBP/Blueprints/FirstPersonCharacter.uasset'
[2020.07.11-17.32.03:705][912]LogUObjectHash: Compacting FUObjectHashTables data took   6.78ms
[2020.07.11-17.32.04:029][912]LogSavePackage: Moving 'D:/Projects/Game/GMTK-Jam-2020/FireManThing/Saved/Base-map_Auto156CF699344A3EEBCD348B4A756DA0BC3.tmp' to 'D:/Projects/Game/GMTK-Jam-2020/FireManThing/Saved/Autosaves/Game/FirstPersonBP/Maps/Base-map_Auto1.umap'
[2020.07.11-17.32.04:040][912]LogFileHelpers: Editor autosave (incl. sublevels) for '/Game/FirstPersonBP/Maps/Base-map' took 0.380
[2020.07.11-17.32.04:040][912]LogFileHelpers: Editor autosave (incl. sublevels) for all levels took 0.380
[2020.07.11-17.32.04:042][912]OBJ SavePackage: Generating thumbnails for [0] asset(s) in package [/Game/FirstPersonBP/Blueprints/FirstPersonCharacter] ([1] browsable assets)...
[2020.07.11-17.32.04:042][912]OBJ SavePackage: Finished generating thumbnails for package [/Game/FirstPersonBP/Blueprints/FirstPersonCharacter]
[2020.07.11-17.32.04:117][912]LogSavePackage: Moving 'D:/Projects/Game/GMTK-Jam-2020/FireManThing/Saved/FirstPersonCharacter_Auto1D340C1C940FC9D761F1C488C2DAFD569.tmp' to 'D:/Projects/Game/GMTK-Jam-2020/FireManThing/Saved/Autosaves/Game/FirstPersonBP/Blueprints/FirstPersonCharacter_Auto1.uasset'
[2020.07.11-17.32.04:118][912]LogFileHelpers: Auto-saving content packages took 0.077
[2020.07.11-17.33.23:252][889]BlueprintLog: New page: Compile FirstPersonCharacter
[2020.07.11-17.33.23:574][889]LogUObjectHash: Compacting FUObjectHashTables data took   6.10ms
[2020.07.11-17.36.12:641][177]BlueprintLog: New page: Compile FirstPersonCharacter
[2020.07.11-17.36.12:969][177]LogUObjectHash: Compacting FUObjectHashTables data took   6.26ms
[2020.07.11-17.36.13:719][205]LogSavePackage: Moving 'D:/Projects/Game/GMTK-Jam-2020/FireManThing/Saved/FirstPersonCharacter025C956F4744669201736193CEF89CFB.tmp' to 'D:/Projects/Game/GMTK-Jam-2020/FireManThing/Content/FirstPersonBP/Blueprints/FirstPersonCharacter.uasset'
[2020.07.11-17.37.08:361][144]BlueprintLog: New page: Compile FirstPersonCharacter
[2020.07.11-17.37.08:680][144]LogUObjectHash: Compacting FUObjectHashTables data took   6.29ms
[2020.07.11-17.37.09:329][165]LogSavePackage: Moving 'D:/Projects/Game/GMTK-Jam-2020/FireManThing/Saved/FirstPersonCharacter18F8B03E49BC30B977943288FFCA914B.tmp' to 'D:/Projects/Game/GMTK-Jam-2020/FireManThing/Content/FirstPersonBP/Blueprints/FirstPersonCharacter.uasset'
[2020.07.11-17.37.15:603][587]LogSlate: Window 'FirstPersonCharacter' being destroyed
[2020.07.11-17.37.15:608][587]LogSlate: Window 'FirstPersonCharacter' being destroyed
[2020.07.11-17.37.15:622][587]LogWorld: UWorld::CleanupWorld for World_9, bSessionEnded=true, bCleanupResources=true
